<?xml version="1.0" encoding="UTF-8"?>
<!-- Generated by org.testng.reporters.JUnitReportReporter -->
<testsuite hostname="DESKTOP-E0D0PPJ" failures="0" tests="1" name="com.demo.Launch" time="4.236" errors="0" timestamp="2025-02-03T08:14:47 IST" skipped="0">
  <testcase classname="com.demo.Launch" name="toLaunch" time="4.236"/>
  <system-out>
    <![CDATA[WebPage successfully launched]]>
  </system-out>
</testsuite> <!-- com.demo.Launch -->
